
2017-05-07 18:56:55 +0900

2017-05-07 18:57:40 +0900
【アイマスニュース】
【THE IDOLM@STER CINDERELLA GIRLS 5thLIVE TOUR Serendipity Parade!!!】「物販情報＆ご注意事項」を更新！
http://idolmaster.jp/event/cinderella5th.php

2017-05-07 19:04:17 +0900

2017-05-07 19:11:25 +0900
【アイマスニュース】
【THE IDOLM@STER CINDERELLA GIRLS 5thLIVE TOUR Serendipity Parade!!!】
「物販情報＆ご注意事項」を更新！
http://idolmaster.jp/event/cinderella5th.php

2017-05-07 19:11:56 +0900
【アイマスニュース】
【THE IDOLM@STER CINDERELLA GIRLS 5thLIVE TOUR Serendipity Parade!!!】
「物販情報＆ご注意事項」を更新！
http://idolmaster.jp/event/cinderella5th.php

2017-05-08 16:15:04 +0900
【アイマスニュース】
【THE IDOLM@STER 765 MILLIONSTARS First Time in TAIWAN】
「事後物販」を公開!
http://idolmaster.jp/event/765taiwan_jp.php

2017-05-15 15:15:03 +0900
【アイマスニュース】
【アイドルマスター シンデレラガールズ ビューイングレボリューション】
DLCを更新！
http://cinderella.idolmaster.jp/dere-viewingrev/

2017-05-15 18:15:03 +0900
【アイマスニュース】
【アイドルマスター シンデレラガールズ ビューイングレボリューション】
DLCを更新！
http://cinderella.idolmaster.jp/dere-viewingrev/

2017-06-02 18:15:04 +0900
【アイマスニュース】
【THE IDOLM@STER CINDERELLA GIRLS 5thLIVE TOUR Serendipity Parade!!!】
「物販情報＆ご注意事項」を更新！
http://idolmaster.jp/event/cinderella5th.php

2017-06-06 12:15:03 +0900
【アイマスニュース】
【THE IDOLM@STER CINDERELLA GIRLS 5thLIVE TOUR Serendipity Parade!!!】
「チケット情報」を更新！第三弾「WEB先行」抽選予約申込みを公開！「ライブビューイング情報」を更新！
http://idolmaster.jp/event/cinderella5th.php

2017-06-09 17:15:03 +0900
【アイマスニュース】
【THE IDOLM@STER CINDERELLA GIRLS 5thLIVE TOUR Serendipity Parade!!!】
「事前販売情報」を更新！
http://idolmaster.jp/event/cinderella5th.php

2017-06-13 10:15:03 +0900
【アイマスニュース】
【アイドルマスター シンデレラガールズ ビューイングレボリューション】
DLCに「EDIT LIVE 無料DLC」を追加！
http://cinderella.idolmaster.jp/dere-viewingrev/

2017-06-16 18:15:03 +0900
【アイマスニュース】
【THE IDOLM@STER CINDERELLA GIRLS 5thLIVE TOUR Serendipity Parade!!!】
「ライブビューイング情報」を更新！
http://idolmaster.jp/event/cinderella5th.php

2017-06-20 11:15:03 +0900
【アイマスニュース】
【アイドルマスター シンデレラガールズ ビューイングレボリューション】
DLCの「EDIT LIVE 無料DLC」を更新！
http://cinderella.idolmaster.jp/dere-viewingrev/

2017-06-20 12:15:03 +0900
【アイマスニュース】
【アイドルマスター シンデレラガールズ ビューイングレボリューション】
DLCの「EDIT LIVE 無料DLC」を更新！
http://cinderella.idolmaster.jp/dere-viewingrev/

2017-06-23 12:15:04 +0900
【アイマスニュース】
【THE IDOLM@STER CINDERELLA GIRLS 5thLIVE TOUR Serendipity Parade!!!】
「物販情報＆ご注意事項」を更新！
http://idolmaster.jp/event/cinderella5th.php

2017-06-27 10:15:03 +0900
【アイマスニュース】
【アイドルマスター シンデレラガールズ ビューイングレボリューション】
DLCの「EDIT LIVE 無料DLC」を更新！
http://cinderella.idolmaster.jp/dere-viewingrev/

2017-06-28 12:15:03 +0900
【アイマスニュース】
【THE IDOLM@STER CINDERELLA GIRLS 5thLIVE TOUR Serendipity Parade!!!】
「チケット情報」を更新！第三弾 一般発売の情報を追加！「ライブビューイング情報」を更新！
http://idolmaster.jp/event/cinderella5th.php

2017-07-04 10:15:02 +0900
【アイマスニュース】
【アイドルマスター シンデレラガールズ ビューイングレボリューション】
DLCの「EDIT LIVE 無料DLC」を更新！
http://cinderella.idolmaster.jp/dere-viewingrev/

2017-07-11 18:15:03 +0900
【アイマスニュース】
【アイドルマスタープラチナスターズ】
アップデートデータVer1.04配信開始のお知らせを公開！
http://platinum-stars.idolmaster.jp/

2017-07-13 14:15:02 +0900
【アイマスニュース】
【アイドルマスター シンデレラガールズ ビューイングレボリューション】
DLCを更新！
http://cinderella.idolmaster.jp/dere-viewingrev/

2017-07-14 12:15:03 +0900
【アイマスニュース】
【THE IDOLM@STER 765 MILLIONSTARS HOTCHPOTCH FESTIV@L!!】
公式サイトオープン！
http://idolmaster.jp/event/765million.php

2017-07-14 18:15:03 +0900
【アイマスニュース】
【THE IDOLM@STER 765 MILLIONSTARS HOTCHPOTCH FESTIV@L!!】
公式サイトオープン！
http://idolmaster.jp/event/765million.php

2017-07-15 21:15:03 +0900
【アイマスニュース】
【アイドルマスター SideM　LIVE ON ST@GE！】
公式サイト リニューアルOPEN!
http://side-m.idolmaster.jp/lo-stage/

2017-07-18 11:15:03 +0900
【アイマスニュース】
【アイドルマスター シンデレラガールズ ビューイングレボリューション】
DLCの「EDIT LIVE 無料DLC」を更新！
http://cinderella.idolmaster.jp/dere-viewingrev/

2017-07-19 18:15:04 +0900
【アイマスニュース】
【THE IDOLM@STER CINDERELLA GIRLS 5thLIVE TOUR Serendipity Parade!!!】
「ライブビューイング情報」を更新！
http://idolmaster.jp/event/cinderella5th.php

2017-07-21 18:15:03 +0900
【アイマスニュース】
【THE IDOLM@STER CINDERELLA GIRLS 5thLIVE TOUR Serendipity Parade!!!】
「物販情報＆ご注意事項」を更新！
http://idolmaster.jp/event/cinderella5th.php

2017-07-25 10:15:03 +0900
【アイマスニュース】
【アイドルマスター シンデレラガールズ ビューイングレボリューション】
DLCの「EDIT LIVE 無料DLC」を更新！
http://cinderella.idolmaster.jp/dere-viewingrev/

2017-07-25 18:15:03 +0900
【アイマスニュース】
【THE IDOLM@STER 765 MILLIONSTARS HOTCHPOTCH FESTIV@L!!】
「ご本人確認について」を公開！
http://idolmaster.jp/event/765million.php

2017-07-28 20:15:05 +0900
【アイマスニュース】
【THE IDOLM@STER CINDERELLA GIRLS 5thLIVE TOUR Serendipity Parade!!!】
「物販情報」を更新！
http://idolmaster.jp/event/cinderella5th.php

2017-07-28 21:15:02 +0900
【アイマスニュース】
【アイドルマスター SideM　LIVE ON ST@GE！】
アイドルマスター SideM新作アプリ＆TVアニメ連動企画「315プロダクション所属アイドル紹介　第2弾」開催！
http://side-m.idolmaster.jp/lo-stage/

2017-07-31 19:15:03 +0900
【アイマスニュース】
【THE IDOLM@STER 765 MILLIONSTARS HOTCHPOTCH FESTIV@L!!】
「SPECIAL COMMENT」に第二弾コメントを追加！
http://idolmaster.jp/event/765million.php

2017-08-01 10:15:03 +0900
【アイマスニュース】
【アイドルマスター シンデレラガールズ ビューイングレボリューション】
DLCの「EDIT LIVE 無料DLC」を更新！
http://cinderella.idolmaster.jp/dere-viewingrev/

2017-08-02 18:15:02 +0900
【アイマスニュース】
【THE IDOLM@STER CINDERELLA GIRLS 5thLIVE TOUR Serendipity Parade!!!】
「ライブビューイング情報」を更新！
http://idolmaster.jp/event/cinderella5th.php

2017-08-04 12:15:03 +0900
【アイマスニュース】
【アイドルマスター SideM　LIVE ON ST@GE！】
事前登録数315,000突破！！事前登録キャンペーン特典の「STARLIGHT CELEBRATE!」MV公開！
http://side-m.idolmaster.jp/lo-stage/

2017-08-04 14:15:03 +0900
【アイマスニュース】
【アイドルマスター SideM　LIVE ON ST@GE！】
事前登録数315,000突破！！事前登録キャンペーン特典の「STARLIGHT CELEBRATE!」MV公開！
http://side-m.idolmaster.jp/lo-stage/

2017-08-08 10:15:02 +0900
【アイマスニュース】
【アイドルマスター シンデレラガールズ ビューイングレボリューション】
DLCの「EDIT LIVE 無料DLC」を更新！
http://cinderella.idolmaster.jp/dere-viewingrev/

2017-08-17 11:15:04 +0900
【アイマスニュース】
【アイドルマスター シンデレラガールズ ビューイングレボリューション】
アップデートデータVer1.75配信開始のお知らせ、DLCの「EDIT LIVE 無料DLC」を更新！
http://cinderella.idolmaster.jp/dere-viewingrev/

2017-08-23 10:15:03 +0900
【アイマスニュース】
【アイドルマスター SideM　LIVE ON ST@GE！】
事前登録数500,000突破！！事前登録キャンペーン特典の「BRAND NEW FIELD」MV公開！
http://side-m.idolmaster.jp/lo-stage/

2017-08-25 18:15:06 +0900
【アイマスニュース】
【THE IDOLM@STER 765 MILLIONSTARS HOTCHPOTCH FESTIV@L!!】
「予告先発HOTCHPOTCHユニット紹介」を公開！、<br>「チケット情報」に一般発売、「SPECIAL COMMENT」に第三弾コメントを追加！
http://idolmaster.jp/event/765million.php
【アイマスニュース】
【765PRO ALLSTARS単独LIVE】
公式サイトオープン！
http://idolmaster.jp/event/765as_newyearlive.php

2017-09-01 16:15:03 +0900
【アイマスニュース】
【アイドルマスター シンデレラガールズ スターライトステージ】
2周年ビジュアルを公開！レッツプレゼントキャンペーン実施中！
http://cinderella.idolmaster.jp/sl-stage/

2017-09-03 10:15:03 +0900
【アイマスニュース】
【アイドルマスター シンデレラガールズ スターライトステージ】
中居正広さん CM第6弾公開！メイキング映像も公開中！
http://cinderella.idolmaster.jp/sl-stage/

2017-09-05 09:04:34 +0900
【アイマスニュース】
【アイドルマスター シンデレラガールズ スターライトステージ】
中居正広さん CM第6弾公開！メイキング映像も公開中！
http://cinderella.idolmaster.jp/sl-stage/
#imas_news

2017-09-07 05:15:42 +0900
アクセスできませんでした。
http://idolmaster.jp/
<a href="/event/event2014.php">初のさいたまスーパーアリーナイベント開催決定！</a>

2017-09-07 06:15:44 +0900
アクセスできませんでした。
http://idolmaster.jp/
<a href="/event/event2014.php">初のさいたまスーパーアリーナイベント開催決定！</a>

2017-09-08 18:15:03 +0900
【アイマスニュース】
【THE IDOLM@STER 765 MILLIONSTARS HOTCHPOTCH FESTIV@L!!】
「ライブビューイング」「物販情報」「ご注意事項」を公開！
http://idolmaster.jp/event/765million.php
#imas_news

2017-09-14 16:15:03 +0900
【アイマスニュース】
【THE IDOLM@STER 765 MILLIONSTARS HOTCHPOTCH FESTIV@L!!】
「チケット情報」ステージサイド席、立見指定を追加！
http://idolmaster.jp/event/765million.php
#imas_news

2017-09-15 17:15:03 +0900
【アイマスニュース】
【THE IDOLM@STER 765 MILLIONSTARS HOTCHPOTCH FESTIV@L!!】
「物販情報」を更新！
http://idolmaster.jp/event/765million.php
#imas_news

2017-09-20 10:15:03 +0900
【アイマスニュース】
【アイドルマスター ステラステージ】
公式サイトオープン！
http://stella-stage.idolmaster.jp/
#imas_news

2017-09-20 17:15:03 +0900
【アイマスニュース】
【アイドルマスター ステラステージ】
公式サイトオープン！
http://stella-stage.idolmaster.jp/
#imas_news

2017-09-22 19:15:03 +0900
【アイマスニュース】
【THE IDOLM@STER 765 MILLIONSTARS HOTCHPOTCH FESTIV@L!!】
「物販情報」を更新！
http://idolmaster.jp/event/765million.php
#imas_news

2017-09-25 13:15:04 +0900
【アイマスニュース】
【アイドルマスター ステラステージ】
「IDOL」詩花の情報を公開！
http://stella-stage.idolmaster.jp/
#imas_news

2017-09-28 13:15:03 +0900
【アイマスニュース】
【アイドルマスター シンデレラガールズ ビューイングレボリューション】
「追加DLC楽曲」を更新！
http://cinderella.idolmaster.jp/dere-viewingrev/
#imas_news
